0 info it worked if it ends with ok
1 verbose cli [ '/data/data/io.tempage.dorynode/files/bin/node',
1 verbose cli   '/data/user/0/io.tempage.dorynode/files/bin/npm',
1 verbose cli   'install',
1 verbose cli   'now',
1 verbose cli   '-g' ]
2 info using npm@3.10.10
3 info using node@v6.11.4
4 silly loadCurrentTree Starting
5 silly install loadCurrentTree
6 silly install readGlobalPackageData
7 silly fetchPackageMetaData now
8 silly fetchNamedPackageData now
9 silly mapToRegistry name now
10 silly mapToRegistry using default registry
11 silly mapToRegistry registry https://registry.npmjs.org/
12 silly mapToRegistry data Result {
12 silly mapToRegistry   raw: 'now',
12 silly mapToRegistry   scope: null,
12 silly mapToRegistry   escapedName: 'now',
12 silly mapToRegistry   name: 'now',
12 silly mapToRegistry   rawSpec: '',
12 silly mapToRegistry   spec: 'latest',
12 silly mapToRegistry   type: 'tag' }
13 silly mapToRegistry uri https://registry.npmjs.org/now
14 verbose request uri https://registry.npmjs.org/now
15 verbose request no auth needed
16 info attempt registry request try #1 at 12:12:11 GMT+0300 (+03)
17 verbose request id cfe14b7f1be0df2f
18 verbose etag W/"eb646e97a874d7982ac84fef408a2a5c"
19 verbose lastModified Fri, 15 Feb 2019 11:27:09 GMT
20 http request GET https://registry.npmjs.org/now
21 http 304 https://registry.npmjs.org/now
22 verbose headers { date: 'Mon, 18 Feb 2019 09:12:19 GMT',
22 verbose headers   connection: 'keep-alive',
22 verbose headers   'set-cookie': [ '__cfduid=d7df34ec994bcd4faf2ba3e37bf7de7b91550481139; expires=Tue, 18-Feb-20 09:12:19 GMT; path=/; domain=.registry.npmjs.org; HttpOnly' ],
22 verbose headers   'cf-cache-status': 'HIT',
22 verbose headers   'cache-control': 'max-age=300',
22 verbose headers   'cf-ray': '4aaf5f0f7ee8afe0-BGW',
22 verbose headers   etag: '"eb646e97a874d7982ac84fef408a2a5c"',
22 verbose headers   'expect-ct': 'max-age=604800, report-uri="https://report-uri.cloudflare.com/cdn-cgi/beacon/expect-ct"',
22 verbose headers   'last-modified': 'Fri, 15 Feb 2019 11:27:09 GMT',
22 verbose headers   vary: 'accept-encoding, accept',
22 verbose headers   'x-amz-meta-rev': '762-17536e21cbe50a804cced25848289f45',
22 verbose headers   server: 'cloudflare' }
23 silly get cb [ 304,
23 silly get   { date: 'Mon, 18 Feb 2019 09:12:19 GMT',
23 silly get     connection: 'keep-alive',
23 silly get     'set-cookie': [ '__cfduid=d7df34ec994bcd4faf2ba3e37bf7de7b91550481139; expires=Tue, 18-Feb-20 09:12:19 GMT; path=/; domain=.registry.npmjs.org; HttpOnly' ],
23 silly get     'cf-cache-status': 'HIT',
23 silly get     'cache-control': 'max-age=300',
23 silly get     'cf-ray': '4aaf5f0f7ee8afe0-BGW',
23 silly get     etag: '"eb646e97a874d7982ac84fef408a2a5c"',
23 silly get     'expect-ct': 'max-age=604800, report-uri="https://report-uri.cloudflare.com/cdn-cgi/beacon/expect-ct"',
23 silly get     'last-modified': 'Fri, 15 Feb 2019 11:27:09 GMT',
23 silly get     vary: 'accept-encoding, accept',
23 silly get     'x-amz-meta-rev': '762-17536e21cbe50a804cced25848289f45',
23 silly get     server: 'cloudflare' } ]
24 verbose etag https://registry.npmjs.org/now from cache
25 verbose get saving now to /data/user/0/io.tempage.dorynode/app_HOME/.npm/registry.npmjs.org/now/.cache.json
26 verbose correctMkdir /data/user/0/io.tempage.dorynode/app_HOME/.npm correctMkdir not in flight; initializing
27 silly install normalizeTree
28 silly loadCurrentTree Finishing
29 silly loadIdealTree Starting
30 silly install loadIdealTree
31 silly cloneCurrentTree Starting
32 silly install cloneCurrentTreeToIdealTree
33 silly cloneCurrentTree Finishing
34 silly loadShrinkwrap Starting
35 silly install loadShrinkwrap
36 silly loadShrinkwrap Finishing
37 silly loadAllDepsIntoIdealTree Starting
38 silly install loadAllDepsIntoIdealTree
39 silly resolveWithNewModule now@14.0.0 checking installable status
40 silly cache add args [ 'now', null ]
41 verbose cache add spec now
42 silly cache add parsed spec Result {
42 silly cache add   raw: 'now',
42 silly cache add   scope: null,
42 silly cache add   escapedName: 'now',
42 silly cache add   name: 'now',
42 silly cache add   rawSpec: '',
42 silly cache add   spec: 'latest',
42 silly cache add   type: 'tag' }
43 silly addNamed now@latest
44 verbose addNamed "latest" is being treated as a dist-tag for now
45 info addNameTag [ 'now', 'latest' ]
46 silly mapToRegistry name now
47 silly mapToRegistry using default registry
48 silly mapToRegistry registry https://registry.npmjs.org/
49 silly mapToRegistry data Result {
49 silly mapToRegistry   raw: 'now',
49 silly mapToRegistry   scope: null,
49 silly mapToRegistry   escapedName: 'now',
49 silly mapToRegistry   name: 'now',
49 silly mapToRegistry   rawSpec: '',
49 silly mapToRegistry   spec: 'latest',
49 silly mapToRegistry   type: 'tag' }
50 silly mapToRegistry uri https://registry.npmjs.org/now
51 verbose addNameTag registry:https://registry.npmjs.org/now not in flight; fetching
52 verbose get https://registry.npmjs.org/now not expired, no request
53 silly addNameTag next cb for now with tag latest
54 silly addNamed now@14.0.0
55 verbose addNamed "14.0.0" is a plain semver version for now
56 silly cache afterAdd now@14.0.0
57 verbose afterAdd /data/user/0/io.tempage.dorynode/app_HOME/.npm/now/14.0.0/package/package.json not in flight; writing
58 verbose correctMkdir /data/user/0/io.tempage.dorynode/app_HOME/.npm correctMkdir not in flight; initializing
59 verbose afterAdd /data/user/0/io.tempage.dorynode/app_HOME/.npm/now/14.0.0/package/package.json written
60 silly loadAllDepsIntoIdealTree Finishing
61 silly loadIdealTree Finishing
62 silly currentTree lib
63 silly idealTree lib
63 silly idealTree `-- now@14.0.0
64 silly generateActionsToTake Starting
65 silly install generateActionsToTake
66 silly generateActionsToTake Finishing
67 silly diffTrees action count 1
68 silly diffTrees add now@14.0.0
69 silly decomposeActions action count 8
70 silly decomposeActions fetch now@14.0.0
71 silly decomposeActions extract now@14.0.0
72 silly decomposeActions test now@14.0.0
73 silly decomposeActions preinstall now@14.0.0
74 silly decomposeActions build now@14.0.0
75 silly decomposeActions install now@14.0.0
76 silly decomposeActions postinstall now@14.0.0
77 silly decomposeActions finalize now@14.0.0
78 silly runTopLevelLifecycles Starting
79 silly executeActions Starting
80 silly install executeActions
81 silly doSerial global-install 0
82 silly doParallel fetch 1
83 verbose correctMkdir /data/user/0/io.tempage.dorynode/app_HOME/.npm/_locks correctMkdir not in flight; initializing
84 verbose lock using /data/user/0/io.tempage.dorynode/app_HOME/.npm/_locks/staging-38b84a564c750aa4.lock for /data/data/io.tempage.dorynode/files/lib/node_modules/.staging
85 silly doParallel extract 1
86 silly extract now@14.0.0
87 verbose unbuild lib/node_modules/.staging/now-82b11789
88 silly gentlyRm /data/data/io.tempage.dorynode/files/lib/node_modules/.staging/now-82b11789 is being purged from base /data/data/io.tempage.dorynode/files
89 verbose gentlyRm don't care about contents; nuking /data/data/io.tempage.dorynode/files/lib/node_modules/.staging/now-82b11789
90 verbose tar unpack /data/user/0/io.tempage.dorynode/app_HOME/.npm/now/14.0.0/package.tgz
91 verbose tar unpacking to /data/data/io.tempage.dorynode/files/lib/node_modules/.staging/now-82b11789
92 silly gentlyRm /data/data/io.tempage.dorynode/files/lib/node_modules/.staging/now-82b11789 is being purged
93 verbose gentlyRm don't care about contents; nuking /data/data/io.tempage.dorynode/files/lib/node_modules/.staging/now-82b11789
94 silly gunzTarPerm modes [ '700', '600' ]
95 silly gunzTarPerm extractEntry package.json
96 silly gunzTarPerm modified mode [ 'package.json', 420, 384 ]
97 silly gunzTarPerm extractEntry LICENSE
98 silly gunzTarPerm modified mode [ 'LICENSE', 420, 384 ]
99 silly gunzTarPerm extractEntry README.md
100 silly gunzTarPerm modified mode [ 'README.md', 420, 384 ]
101 silly gunzTarPerm extractEntry download/dist/index.js
102 silly gunzTarPerm modified mode [ 'download/dist/index.js', 420, 384 ]
103 silly gunzTarPerm extractEntry download/dist/now
104 silly gunzTarPerm modified mode [ 'download/dist/now', 420, 384 ]
105 silly gunzTarPerm extractEntry download/install.js
106 silly gunzTarPerm modified mode [ 'download/install.js', 420, 384 ]
107 silly gentlyRm /data/data/io.tempage.dorynode/files/lib/node_modules/.staging/now-82b11789/node_modules is being purged
108 verbose gentlyRm don't care about contents; nuking /data/data/io.tempage.dorynode/files/lib/node_modules/.staging/now-82b11789/node_modules
109 silly doParallel preinstall 1
110 silly preinstall now@14.0.0 /data/data/io.tempage.dorynode/files/lib/node_modules/.staging/now-82b11789
111 info lifecycle now@14.0.0~preinstall: now@14.0.0
112 silly lifecycle now@14.0.0~preinstall: no script for preinstall, continuing
113 silly doReverseSerial remove 0
114 silly doSerial move 0
115 silly doSerial finalize 1
116 silly finalize /data/data/io.tempage.dorynode/files/lib/node_modules/now
117 silly doSerial build 1
118 silly build now@14.0.0
119 info linkStuff now@14.0.0
120 silly linkStuff now@14.0.0 has /data/data/io.tempage.dorynode/files/lib/node_modules as its parent node_modules
121 silly linkStuff now@14.0.0 is part of a global install
122 silly linkStuff now@14.0.0 is installed into a global node_modules
123 silly linkStuff now@14.0.0 is installed into the top-level global node_modules
124 verbose linkBins now@14.0.0
125 verbose link bins [ { now: 'download/dist/now' },
125 verbose link bins   '/data/data/io.tempage.dorynode/files/bin',
125 verbose link bins   true ]
126 verbose linkMans now@14.0.0
127 silly doSerial global-link 0
128 silly doParallel update-linked 0
129 silly doSerial install 1
130 silly install now@14.0.0 /data/data/io.tempage.dorynode/files/lib/node_modules/.staging/now-82b11789
131 info lifecycle now@14.0.0~install: now@14.0.0
132 silly lifecycle now@14.0.0~install: no script for install, continuing
133 silly doSerial postinstall 1
134 silly postinstall now@14.0.0 /data/data/io.tempage.dorynode/files/lib/node_modules/.staging/now-82b11789
135 info lifecycle now@14.0.0~postinstall: now@14.0.0
136 verbose lifecycle now@14.0.0~postinstall: unsafe-perm in lifecycle true
137 verbose lifecycle now@14.0.0~postinstall: PATH: /data/data/io.tempage.dorynode/files/npm/bin/node-gyp-bin:/data/data/io.tempage.dorynode/files/lib/node_modules/now/node_modules/.bin:/data/data/io.tempage.dorynode/files/lib/node_modules/.bin:/data/data/io.tempage.dorynode/files/bin:/data/user/0/io.tempage.dorynode/files/usr/sbin:/data/user/0/io.tempage.dorynode/files/usr/bin:/data/user/0/io.tempage.dorynode/files/sbin:/data/user/0/io.tempage.dorynode/files/bin:/sbin:/system/sbin:/system/bin:/system/xbin:/odm/bin:/vendor/bin:/vendor/xbin
138 verbose lifecycle now@14.0.0~postinstall: CWD: /data/data/io.tempage.dorynode/files/lib/node_modules/now
139 silly lifecycle now@14.0.0~postinstall: Args: [ '-c', 'node download/install.js' ]
140 silly lifecycle now@14.0.0~postinstall: Returned: code: 1  signal: null
141 info lifecycle now@14.0.0~postinstall: Failed to exec postinstall script
142 verbose unlock done using /data/user/0/io.tempage.dorynode/app_HOME/.npm/_locks/staging-38b84a564c750aa4.lock for /data/data/io.tempage.dorynode/files/lib/node_modules/.staging
143 silly rollbackFailedOptional Starting
144 silly rollbackFailedOptional Finishing
145 silly runTopLevelLifecycles Finishing
146 silly install printInstalled
147 verbose stack Error: now@14.0.0 postinstall: `node download/install.js`
147 verbose stack Exit status 1
147 verbose stack     at EventEmitter.<anonymous> (/data/data/io.tempage.dorynode/files/npm/lib/utils/lifecycle.js:255:16)
147 verbose stack     at emitTwo (events.js:106:13)
147 verbose stack     at EventEmitter.emit (events.js:191:7)
147 verbose stack     at ChildProcess.<anonymous> (/data/data/io.tempage.dorynode/files/npm/lib/utils/spawn.js:40:14)
147 verbose stack     at emitTwo (events.js:106:13)
147 verbose stack     at ChildProcess.emit (events.js:191:7)
147 verbose stack     at maybeClose (internal/child_process.js:920:16)
147 verbose stack     at Process.ChildProcess._handle.onexit (internal/child_process.js:230:5)
148 verbose pkgid now@14.0.0
149 verbose cwd /storage/emulated/0/Zip/Bot/Bot
150 error Linux 4.9.112-perf-g78dc164
151 error argv "/data/data/io.tempage.dorynode/files/bin/node" "/data/user/0/io.tempage.dorynode/files/bin/npm" "install" "now" "-g"
152 error node v6.11.4
153 error npm  v3.10.10
154 error code ELIFECYCLE
155 error now@14.0.0 postinstall: `node download/install.js`
155 error Exit status 1
156 error Failed at the now@14.0.0 postinstall script 'node download/install.js'.
156 error Make sure you have the latest version of node.js and npm installed.
156 error If you do, this is most likely a problem with the now package,
156 error not with npm itself.
156 error Tell the author that this fails on your system:
156 error     node download/install.js
156 error You can get information on how to open an issue for this project with:
156 error     npm bugs now
156 error Or if that isn't available, you can get their info via:
156 error     npm owner ls now
156 error There is likely additional logging output above.
157 verbose exit [ 1, true ]
